<?xml version="1.0" encoding="UTF-8"?>
<robot generator="Robot 3.2.2 (Python 3.8.7 on win32)" generated="20210304 16:06:57.525" rpa="false">
<suite id="s1" name="TestCase" source="D:\RobotReadExcel\TestCase\TestCase.robot">
<test id="s1-t1" name="ทดสอบการอ่านข้อมูลจาก">
<kw name="อ่าน Excel File" library="Keywords">
<kw name="Load Workbook" library="openpyxl">
<doc>Open the given filename and return the workbook</doc>
<arguments>
<arg>${excel}</arg>
</arguments>
<assign>
<var>${wb}</var>
</assign>
<msg timestamp="20210304 16:06:57.949" level="INFO">${wb} = &lt;openpyxl.workbook.workbook.Workbook object at 0x00000205F981C970&gt;</msg>
<status status="PASS" starttime="20210304 16:06:57.943" endtime="20210304 16:06:57.949"></status>
</kw>
<kw name="Set Variable" library="BuiltIn">
<doc>Returns the given values which can then be assigned to a variables.</doc>
<arguments>
<arg>${wb.get_sheet_by_name('Customer')}</arg>
</arguments>
<assign>
<var>${ws}</var>
</assign>
<msg timestamp="20210304 16:06:57.950" level="INFO">${ws} = &lt;Worksheet "Customer"&gt;</msg>
<status status="PASS" starttime="20210304 16:06:57.949" endtime="20210304 16:06:57.950"></status>
</kw>
<kw name="Set Variable" library="BuiltIn">
<doc>Returns the given values which can then be assigned to a variables.</doc>
<arguments>
<arg>${ws.cell(2,2).value}</arg>
</arguments>
<assign>
<var>${Cell}</var>
</assign>
<msg timestamp="20210304 16:06:57.950" level="INFO">${Cell} = Hibari Kyoya</msg>
<status status="PASS" starttime="20210304 16:06:57.950" endtime="20210304 16:06:57.950"></status>
</kw>
<kw name="Fetch From Right" library="String">
<doc>Returns contents of the ``string`` after the last occurrence of ``marker``.</doc>
<arguments>
<arg>${Cell}</arg>
<arg>{}</arg>
</arguments>
<assign>
<var>${body}</var>
</assign>
<msg timestamp="20210304 16:06:57.950" level="INFO">${body} = Hibari Kyoya</msg>
<status status="PASS" starttime="20210304 16:06:57.950" endtime="20210304 16:06:57.950"></status>
</kw>
<kw name="Log To Console" library="BuiltIn">
<doc>Logs the given message to the console.</doc>
<arguments>
<arg>\n${body}\n</arg>
</arguments>
<status status="PASS" starttime="20210304 16:06:57.950" endtime="20210304 16:06:57.951"></status>
</kw>
<status status="PASS" starttime="20210304 16:06:57.942" endtime="20210304 16:06:57.951"></status>
</kw>
<status status="PASS" starttime="20210304 16:06:57.941" endtime="20210304 16:06:57.952" critical="yes"></status>
</test>
<status status="PASS" starttime="20210304 16:06:57.526" endtime="20210304 16:06:57.953"></status>
</suite>
<statistics>
<total>
<stat pass="1" fail="0">Critical Tests</stat>
<stat pass="1" fail="0">All Tests</stat>
</total>
<tag>
</tag>
<suite>
<stat pass="1" fail="0" id="s1" name="TestCase">TestCase</stat>
</suite>
</statistics>
<errors>
</errors>
</robot>
